<?xml version="1.0" encoding="UTF-8"?>
<testsuite name="sample.java.damebatis.WebauthnBootApplicationTests" tests="1" skipped="0" failures="0" errors="0" timestamp="2020-09-08T06:01:30" hostname="DESKTOP-GK2B9SP" time="0.88">
  <properties/>
  <testcase name="contextLoads()" classname="sample.java.damebatis.WebauthnBootApplicationTests" time="0.88"/>
  <system-out><![CDATA[15:01:19.182 [Test worker] DEBUG org.springframework.test.context.BootstrapUtils - Instantiating CacheAwareContextLoaderDelegate from class [org.springframework.test.context.cache.DefaultCacheAwareContextLoaderDelegate]
15:01:19.207 [Test worker] DEBUG org.springframework.test.context.BootstrapUtils - Instantiating BootstrapContext using constructor [public org.springframework.test.context.support.DefaultBootstrapContext(java.lang.Class,org.springframework.test.context.CacheAwareContextLoaderDelegate)]
15:01:19.297 [Test worker] DEBUG org.springframework.test.context.BootstrapUtils - Instantiating TestContextBootstrapper for test class [sample.java.damebatis.WebauthnBootApplicationTests] from class [org.springframework.boot.test.context.SpringBootTestContextBootstrapper]
15:01:19.328 [Test worker] INFO org.springframework.boot.test.context.SpringBootTestContextBootstrapper - Neither @ContextConfiguration nor @ContextHierarchy found for test class [sample.java.damebatis.WebauthnBootApplicationTests], using SpringBootContextLoader
15:01:19.334 [Test worker] DEBUG org.springframework.test.context.support.AbstractContextLoader - Did not detect default resource location for test class [sample.java.damebatis.WebauthnBootApplicationTests]: class path resource [sample/java/webauthn/WebauthnBootApplicationTests-context.xml] does not exist
15:01:19.335 [Test worker] DEBUG org.springframework.test.context.support.AbstractContextLoader - Did not detect default resource location for test class [sample.java.damebatis.WebauthnBootApplicationTests]: class path resource [sample/java/webauthn/WebauthnBootApplicationTestsContext.groovy] does not exist
15:01:19.336 [Test worker] INFO org.springframework.test.context.support.AbstractContextLoader - Could not detect default resource locations for test class [sample.java.damebatis.WebauthnBootApplicationTests]: no resource found for suffixes {-context.xml, Context.groovy}.
15:01:19.339 [Test worker] INFO org.springframework.test.context.support.AnnotationConfigContextLoaderUtils - Could not detect default configuration classes for test class [sample.java.damebatis.WebauthnBootApplicationTests]: WebauthnBootApplicationTests does not declare any static, non-private, non-final, nested classes annotated with @Configuration.
15:01:19.417 [Test worker] DEBUG org.springframework.test.context.support.ActiveProfilesUtils - Could not find an 'annotation declaring class' for annotation type [org.springframework.test.context.ActiveProfiles] and class [sample.java.damebatis.WebauthnBootApplicationTests]
15:01:19.563 [Test worker] DEBUG org.springframework.context.annotation.ClassPathScanningCandidateComponentProvider - Identified candidate component class: file [D:\01_Work\02_Java\ws_shigoto\webauthn-boot\app\build\classes\java\main\sample\java\webauthn\WebauthnBootApplication.class]
15:01:19.568 [Test worker] INFO org.springframework.boot.test.context.SpringBootTestContextBootstrapper - Found @SpringBootConfiguration sample.java.damebatis.DameBatisApplication for test class sample.java.damebatis.WebauthnBootApplicationTests
15:01:19.806 [Test worker] DEBUG org.springframework.boot.test.context.SpringBootTestContextBootstrapper - @TestExecutionListeners is not present for class [sample.java.damebatis.WebauthnBootApplicationTests]: using defaults.
15:01:19.810 [Test worker] INFO org.springframework.boot.test.context.SpringBootTestContextBootstrapper - Loaded default TestExecutionListener class names from location [META-INF/spring.factories]: [org.springframework.boot.test.autoconfigure.restdocs.RestDocsTestExecutionListener, org.springframework.boot.test.autoconfigure.web.client.MockRestServiceServerResetTestExecutionListener, org.springframework.boot.test.autoconfigure.web.servlet.MockMvcPrintOnlyOnFailureTestExecutionListener, org.springframework.boot.test.autoconfigure.web.servlet.WebDriverTestExecutionListener, org.springframework.boot.test.autoconfigure.webservices.client.MockWebServiceServerTestExecutionListener, org.springframework.boot.test.mock.mockito.MockitoTestExecutionListener, org.springframework.boot.test.mock.mockito.ResetMocksTestExecutionListener, org.springframework.test.context.web.ServletTestExecutionListener, org.springframework.test.context.support.DirtiesContextBeforeModesTestExecutionListener, org.springframework.test.context.support.DependencyInjectionTestExecutionListener, org.springframework.test.context.support.DirtiesContextTestExecutionListener, org.springframework.test.context.transaction.TransactionalTestExecutionListener, org.springframework.test.context.jdbc.SqlScriptsTestExecutionListener, org.springframework.test.context.event.EventPublishingTestExecutionListener]
15:01:19.880 [Test worker] INFO org.springframework.boot.test.context.SpringBootTestContextBootstrapper - Using TestExecutionListeners: [org.springframework.test.context.web.ServletTestExecutionListener@5baffff9, org.springframework.test.context.support.DirtiesContextBeforeModesTestExecutionListener@24400788, org.springframework.boot.test.mock.mockito.MockitoTestExecutionListener@1384ade, org.springframework.boot.test.autoconfigure.SpringBootDependencyInjectionTestExecutionListener@4125161a, org.springframework.test.context.support.DirtiesContextTestExecutionListener@65d179f0, org.springframework.test.context.transaction.TransactionalTestExecutionListener@41895e85, org.springframework.test.context.jdbc.SqlScriptsTestExecutionListener@2a492d0, org.springframework.test.context.event.EventPublishingTestExecutionListener@6b58d158, org.springframework.boot.test.autoconfigure.restdocs.RestDocsTestExecutionListener@5282b3a, org.springframework.boot.test.autoconfigure.web.client.MockRestServiceServerResetTestExecutionListener@ede306c, org.springframework.boot.test.autoconfigure.web.servlet.MockMvcPrintOnlyOnFailureTestExecutionListener@284a1175, org.springframework.boot.test.autoconfigure.web.servlet.WebDriverTestExecutionListener@5b5c735, org.springframework.boot.test.autoconfigure.webservices.client.MockWebServiceServerTestExecutionListener@41005d42, org.springframework.boot.test.mock.mockito.ResetMocksTestExecutionListener@3ea2585e]
15:01:19.894 [Test worker] DEBUG org.springframework.test.context.support.AbstractDirtiesContextTestExecutionListener - Before test class: context [DefaultTestContext@21692664 testClass = WebauthnBootApplicationTests, testInstance = [null], testMethod = [null], testException = [null], mergedContextConfiguration = [WebMergedContextConfiguration@306a6491 testClass = WebauthnBootApplicationTests, locations = '{}', classes = '{class sample.java.damebatis.DameBatisApplication}', contextInitializerClasses = '[]', activeProfiles = '{}', propertySourceLocations = '{}', propertySourceProperties = '{org.springframework.boot.test.context.SpringBootTestContextBootstrapper=true}', contextCustomizers = set[org.springframework.boot.test.autoconfigure.properties.PropertyMappingContextCustomizer@0, org.springframework.boot.test.autoconfigure.web.servlet.WebDriverContextCustomizerFactory$Customizer@2a6de132, org.springframework.boot.test.context.filter.ExcludeFilterContextCustomizer@3dbf85d8, org.springframework.boot.test.json.DuplicateJsonObjectContextCustomizerFactory$DuplicateJsonObjectContextCustomizer@60e276b5, org.springframework.boot.test.mock.mockito.MockitoContextCustomizer@0, org.springframework.boot.test.web.client.TestRestTemplateContextCustomizer@240fce7f, org.springframework.boot.test.context.SpringBootTestArgs@1], resourceBasePath = 'src/main/webapp', contextLoader = 'org.springframework.boot.test.context.SpringBootContextLoader', parent = [null]], attributes = map['org.springframework.test.context.web.ServletTestExecutionListener.activateListener' -> true]], class annotated with @DirtiesContext [false] with mode [null].
15:01:19.984 [Test worker] DEBUG org.springframework.test.context.support.TestPropertySourceUtils - Adding inlined properties to environment: {spring.jmx.enabled=false, org.springframework.boot.test.context.SpringBootTestContextBootstrapper=true}

  .   ____          _            __ _ _
 /\\ / ___'_ __ _ _(_)_ __  __ _ \ \ \ \
( ( )\___ | '_ | '_| | '_ \/ _` | \ \ \ \
 \\/  ___)| |_)| | | | | || (_| |  ) ) ) )
  '  |____| .__|_| |_|_| |_\__, | / / / /
 =========|_|==============|___/=/_/_/_/
 :: Spring Boot ::        (v2.3.3.RELEASE)

2020-09-08 15:01:21.435  INFO 7024 --- [    Test worker] s.j.w.WebauthnBootApplicationTests       : Starting WebauthnBootApplicationTests on DESKTOP-GK2B9SP with PID 7024 (started by isomu in D:\01_Work\02_Java\ws_shigoto\webauthn-boot\app)
2020-09-08 15:01:21.435  INFO 7024 --- [    Test worker] s.j.w.WebauthnBootApplicationTests       : Starting WebauthnBootApplicationTests on DESKTOP-GK2B9SP with PID 7024 (started by isomu in D:\01_Work\02_Java\ws_shigoto\webauthn-boot\app)
2020-09-08 15:01:21.449 DEBUG 7024 --- [    Test worker] s.j.w.WebauthnBootApplicationTests       : Running with Spring Boot v2.3.3.RELEASE, Spring v5.2.8.RELEASE
2020-09-08 15:01:21.449 DEBUG 7024 --- [    Test worker] s.j.w.WebauthnBootApplicationTests       : Running with Spring Boot v2.3.3.RELEASE, Spring v5.2.8.RELEASE
2020-09-08 15:01:21.450  INFO 7024 --- [    Test worker] s.j.w.WebauthnBootApplicationTests       : The following profiles are active: local
2020-09-08 15:01:21.450  INFO 7024 --- [    Test worker] s.j.w.WebauthnBootApplicationTests       : The following profiles are active: local
2020-09-08 15:01:27.134  INFO 7024 --- [    Test worker] o.s.s.concurrent.ThreadPoolTaskExecutor  : Initializing ExecutorService 'applicationTaskExecutor'
2020-09-08 15:01:27.389  INFO 7024 --- [    Test worker] com.zaxxer.hikari.HikariDataSource       : HikariPool-1 - Starting...
2020-09-08 15:01:28.151  INFO 7024 --- [    Test worker] com.zaxxer.hikari.HikariDataSource       : HikariPool-1 - Start completed.
2020-09-08 15:01:28.192  INFO 7024 --- [    Test worker] o.s.b.a.h2.H2ConsoleAutoConfiguration    : H2 console available at '/h2-console'. Database available at 'jdbc:h2:mem:webauthn'
2020-09-08 15:01:29.562  INFO 7024 --- [    Test worker] o.f.c.internal.license.VersionPrinter    : Flyway Community Edition 6.4.4 by Redgate
2020-09-08 15:01:29.633  INFO 7024 --- [    Test worker] o.f.c.internal.database.DatabaseFactory  : Database: jdbc:h2:mem:webauthn (H2 1.4)
2020-09-08 15:01:29.882  INFO 7024 --- [    Test worker] o.f.core.internal.command.DbValidate     : Successfully validated 2 migrations (execution time 00:00.079s)
2020-09-08 15:01:29.947  INFO 7024 --- [    Test worker] o.f.c.i.s.JdbcTableSchemaHistory         : Creating Schema History table "PUBLIC"."flyway_schema_history" ...
2020-09-08 15:01:30.099  INFO 7024 --- [    Test worker] o.f.core.internal.command.DbMigrate      : Current version of schema "PUBLIC": << Empty Schema >>
2020-09-08 15:01:30.113  INFO 7024 --- [    Test worker] o.f.core.internal.command.DbMigrate      : Migrating schema "PUBLIC" to version 0.0.0 - create tables
2020-09-08 15:01:30.213  INFO 7024 --- [    Test worker] o.f.core.internal.command.DbMigrate      : Migrating schema "PUBLIC" to version 0.0.1 - dataload tables
2020-09-08 15:01:30.307  INFO 7024 --- [    Test worker] o.f.core.internal.command.DbMigrate      : Successfully applied 2 migrations to schema "PUBLIC" (execution time 00:00.224s)
2020-09-08 15:01:30.646  INFO 7024 --- [    Test worker] s.j.w.WebauthnBootApplicationTests       : Started WebauthnBootApplicationTests in 10.638 seconds (JVM running for 13.49)
2020-09-08 15:01:30.646  INFO 7024 --- [    Test worker] s.j.w.WebauthnBootApplicationTests       : Started WebauthnBootApplicationTests in 10.638 seconds (JVM running for 13.49)
]]></system-out>
  <system-err><![CDATA[]]></system-err>
</testsuite>
